<?xml version="1.0" encoding="UTF-8"?><testsuite name="nosetests" tests="3" errors="0" failures="0" skip="0"><testcase classname="test_numbers.NumbersTest" name="test_if_addition_works" time="0.000"></testcase><testcase classname="test_numbers.NumbersTest" name="test_if_mult_works" time="0.000"></testcase><testcase classname="test_numbers.NumbersTest" name="test_if_sub_works" time="0.000"></testcase></testsuite>